app/mapping.txt
# compiler: R8
# compiler_version: 1.4.94
# min_api: 16
com.holike.crm.activity.analyze.ActiveMarketRankActivity -> com.holike.crm.activity.analyze.ActiveMarketRankActivity:
    void getDataSuccess(com.holike.crm.bean.ActiveMarketRankBean) -> a
    void getDataFailed(java.lang.String) -> c
    void getData() -> q
com.holike.crm.activity.analyze.CupboardActivity -> com.holike.crm.activity.analyze.CupboardActivity:
    void getCupboardDataSuccess(com.holike.crm.bean.CupboardBean) -> a
com.holike.crm.activity.analyze.DealerRankActivity -> com.holike.crm.activity.analyze.DealerRankActivity:
    void enterPersonal(com.holike.crm.bean.DealerRankBean) -> a
    void enterRank(com.holike.crm.bean.DealerRankBean) -> b
    void getData(java.lang.String) -> b
    void getDataFailed(java.lang.String) -> c
com.holike.crm.activity.analyze.FastLiveActivity -> com.holike.crm.activity.analyze.FastLiveActivity:
    java.lang.String getIntentData() -> q
com.holike.crm.activity.analyze.MonthPkActivity -> com.holike.crm.activity.analyze.MonthPkActivity:
    void openMonthPk(com.holike.crm.bean.MonthPkBean) -> a
    void openMonthPkPersonal(com.holike.crm.bean.MonthPkBean) -> b
    void getDatafailed(java.lang.String) -> i
com.holike.crm.activity.analyze.OrderRankingActivity -> com.holike.crm.activity.analyze.OrderRankingActivity:
    java.util.List mSelectedDates -> f
    com.holike.crm.bean.OrderRankingBean orderRankingBean -> e
    java.lang.String cityCode -> a
    java.lang.String startTime -> c
    java.lang.String type -> b
    java.lang.String endTime -> d
    java.util.List access$002(com.holike.crm.activity.analyze.OrderRankingActivity,java.util.List) -> a
    java.lang.String access$102(com.holike.crm.activity.analyze.OrderRankingActivity,java.lang.String) -> a
    void access$300(com.holike.crm.activity.analyze.OrderRankingActivity) -> a
    void getDataSuccess(com.holike.crm.bean.OrderRankingBean) -> a
    java.lang.String access$202(com.holike.crm.activity.analyze.OrderRankingActivity,java.lang.String) -> b
    int parseValue(java.lang.String) -> b
    java.lang.String access$402(com.holike.crm.activity.analyze.OrderRankingActivity,java.lang.String) -> c
    void getDataFailed(java.lang.String) -> c
    java.lang.String access$502(com.holike.crm.activity.analyze.OrderRankingActivity,java.lang.String) -> d
    int access$600(com.holike.crm.activity.analyze.OrderRankingActivity,java.lang.String) -> e
    void getData() -> q
com.holike.crm.activity.analyze.OrderRankingActivity$1 -> com.holike.crm.activity.analyze.a:
    com.holike.crm.activity.analyze.OrderRankingActivity this$0 -> a
    void onLeftClicked(com.holike.crm.dialog.CalendarPickerDialog) -> a
    void onRightClick(com.holike.crm.dialog.CalendarPickerDialog,java.util.List,java.util.Date,java.util.Date) -> a
com.holike.crm.activity.analyze.OrderRankingActivity$2 -> com.holike.crm.activity.analyze.b:
    com.holike.crm.activity.analyze.OrderRankingActivity this$0 -> a
    void select(com.holike.crm.bean.OrderRankingBean$SelectDataBean) -> a
com.holike.crm.activity.analyze.OrderRankingActivity$3 -> com.holike.crm.activity.analyze.c:
    com.holike.crm.activity.analyze.OrderRankingActivity this$0 -> i
    void onBindHolder(com.gallopmark.recycler.adapterhelper.BaseRecyclerAdapter$RecyclerHolder,com.holike.crm.bean.OrderRankingBean$RankDataBean,int) -> a
    void onBindHolder(com.gallopmark.recycler.adapterhelper.BaseRecyclerAdapter$RecyclerHolder,java.lang.Object,int) -> a
    int bindView(int) -> e
com.holike.crm.activity.analyze.OrderRankingActivity_ViewBinding -> com.holike.crm.activity.analyze.OrderRankingActivity_ViewBinding:
    com.holike.crm.activity.analyze.OrderRankingActivity target -> a
    android.view.View view7f090052 -> b
    void unbind() -> a
...
io.reactivex.internal.operators.observable.ObservableScanSeed -> d.a.e.e.d.Za:
    java.util.concurrent.Callable seedSupplier -> c
    io.reactivex.functions.BiFunction accumulator -> b
io.reactivex.internal.operators.observable.ObservableScanSeed$ScanSeedObserver -> d.a.e.e.d.Za$a:
    boolean done -> e
    io.reactivex.Observer downstream -> a
    java.lang.Object value -> c
    io.reactivex.functions.BiFunction accumulator -> b
    io.reactivex.disposables.Disposable upstream -> d
io.reactivex.internal.operators.observable.ObservableSequenceEqual -> d.a.e.e.d._a:
    io.reactivex.functions.BiPredicate comparer -> c
    io.reactivex.ObservableSource first -> a
    int bufferSize -> d
    io.reactivex.ObservableSource second -> b
io.reactivex.internal.operators.observable.ObservableSequenceEqual$EqualCoordinator -> d.a.e.e.d._a$a:
    io.reactivex.functions.BiPredicate comparer -> b
    java.lang.Object v1 -> h
    java.lang.Object v2 -> i
    io.reactivex.Observer downstream -> a
    boolean cancelled -> g
    io.reactivex.internal.operators.observable.ObservableSequenceEqual$EqualObserver[] observers -> f
    io.reactivex.internal.disposables.ArrayCompositeDisposable resources -> c
    io.reactivex.ObservableSource second -> e
    io.reactivex.ObservableSource first -> d
    void cancel(io.reactivex.internal.queue.SpscLinkedArrayQueue,io.reactivex.internal.queue.SpscLinkedArrayQueue) -> a
    void drain() -> a
    boolean setDisposable(io.reactivex.disposables.Disposable,int) -> a
    void subscribe() -> b
io.reactivex.internal.operators.observable.ObservableSequenceEqual$EqualObserver -> d.a.e.e.d._a$b:
    io.reactivex.internal.queue.SpscLinkedArrayQueue queue -> b
    io.reactivex.internal.operators.observable.ObservableSequenceEqual$EqualCoordinator parent -> a
    java.lang.Throwable error -> e
    int index -> c
    boolean done -> d
io.reactivex.internal.operators.observable.ObservableSequenceEqualSingle -> d.a.e.e.d.ab:
    io.reactivex.functions.BiPredicate comparer -> c
    io.reactivex.ObservableSource first -> a
    int bufferSize -> d
    io.reactivex.ObservableSource second -> b
    io.reactivex.Observable fuseToObservable() -> a
    void subscribeActual(io.reactivex.SingleObserver) -> b
io.reactivex.internal.operators.observable.ObservableSequenceEqualSingle$EqualCoordinator -> d.a.e.e.d.ab$a:
    io.reactivex.functions.BiPredicate comparer -> b
    io.reactivex.internal.operators.observable.ObservableSequenceEqualSingle$EqualObserver[] observers -> f
    java.lang.Object v1 -> h
    java.lang.Object v2 -> i
    io.reactivex.SingleObserver downstream -> a
    boolean cancelled -> g
    io.reactivex.internal.disposables.ArrayCompositeDisposable resources -> c
    io.reactivex.ObservableSource second -> e
    io.reactivex.ObservableSource first -> d
    void cancel(io.reactivex.internal.queue.SpscLinkedArrayQueue,io.reactivex.internal.queue.SpscLinkedArrayQueue) -> a
    void drain() -> a
    boolean setDisposable(io.reactivex.disposables.Disposable,int) -> a
    void subscribe() -> b
io.reactivex.internal.operators.observable.ObservableSequenceEqualSingle$EqualObserver -> d.a.e.e.d.ab$b:
    io.reactivex.internal.queue.SpscLinkedArrayQueue queue -> b
    io.reactivex.internal.operators.observable.ObservableSequenceEqualSingle$EqualCoordinator parent -> a
    java.lang.Throwable error -> e
    int index -> c
    boolean done -> d
io.reactivex.internal.operators.observable.ObservableSerialized -> d.a.e.e.d.bb:
io.reactivex.internal.operators.observable.ObservableSingleMaybe -> d.a.e.e.d.cb:
    io.reactivex.ObservableSource source -> a
    void subscribeActual(io.reactivex.MaybeObserver) -> b
io.reactivex.internal.operators.observable.ObservableSingleMaybe$SingleElementObserver -> d.a.e.e.d.cb$a:
    io.reactivex.MaybeObserver downstream -> a
    io.reactivex.disposables.Disposable upstream -> b
    java.lang.Object value -> c
    boolean done -> d